/bin/sh: module: line 1: syntax error: unexpected end of file
/bin/sh: error importing function definition for `module'
/bin/sh: source_helpers: line 1: syntax error: unexpected end of file
/bin/sh: error importing function definition for `source_helpers'
/bin/sh: ml: line 1: syntax error: unexpected end of file
/bin/sh: error importing function definition for `ml'
/bin/sh: which: line 1: syntax error: unexpected end of file
/bin/sh: error importing function definition for `which'
/bin/sh: wait_until_port_used: line 1: syntax error: unexpected end of file
/bin/sh: error importing function definition for `wait_until_port_used'
/bin/sh: random_number: line 1: syntax error: unexpected end of file
/bin/sh: error importing function definition for `random_number'
/bin/sh: port_used: line 1: syntax error: unexpected end of file
/bin/sh: error importing function definition for `port_used'
/bin/sh: create_passwd: line 1: syntax error: unexpected end of file
/bin/sh: error importing function definition for `create_passwd'
/bin/sh: find_port: line 1: syntax error: unexpected end of file
/bin/sh: error importing function definition for `find_port'
sh: module: line 1: syntax error: unexpected end of file
sh: error importing function definition for `module'
sh: source_helpers: line 1: syntax error: unexpected end of file
sh: error importing function definition for `source_helpers'
sh: ml: line 1: syntax error: unexpected end of file
sh: error importing function definition for `ml'
sh: which: line 1: syntax error: unexpected end of file
sh: error importing function definition for `which'
sh: wait_until_port_used: line 1: syntax error: unexpected end of file
sh: error importing function definition for `wait_until_port_used'
sh: random_number: line 1: syntax error: unexpected end of file
sh: error importing function definition for `random_number'
sh: port_used: line 1: syntax error: unexpected end of file
sh: error importing function definition for `port_used'
sh: create_passwd: line 1: syntax error: unexpected end of file
sh: error importing function definition for `create_passwd'
sh: find_port: line 1: syntax error: unexpected end of file
sh: error importing function definition for `find_port'
sh: module: line 1: syntax error: unexpected end of file
sh: error importing function definition for `module'
sh: source_helpers: line 1: syntax error: unexpected end of file
sh: error importing function definition for `source_helpers'
sh: ml: line 1: syntax error: unexpected end of file
sh: error importing function definition for `ml'
sh: which: line 1: syntax error: unexpected end of file
sh: error importing function definition for `which'
sh: wait_until_port_used: line 1: syntax error: unexpected end of file
sh: error importing function definition for `wait_until_port_used'
sh: random_number: line 1: syntax error: unexpected end of file
sh: error importing function definition for `random_number'
sh: port_used: line 1: syntax error: unexpected end of file
sh: error importing function definition for `port_used'
sh: create_passwd: line 1: syntax error: unexpected end of file
sh: error importing function definition for `create_passwd'
sh: find_port: line 1: syntax error: unexpected end of file
sh: error importing function definition for `find_port'
sh: module: line 1: syntax error: unexpected end of file
sh: error importing function definition for `module'
sh: source_helpers: line 1: syntax error: unexpected end of file
sh: error importing function definition for `source_helpers'
sh: ml: line 1: syntax error: unexpected end of file
sh: error importing function definition for `ml'
sh: which: line 1: syntax error: unexpected end of file
sh: error importing function definition for `which'
sh: wait_until_port_used: line 1: syntax error: unexpected end of file
sh: error importing function definition for `wait_until_port_used'
sh: random_number: line 1: syntax error: unexpected end of file
sh: error importing function definition for `random_number'
sh: port_used: line 1: syntax error: unexpected end of file
sh: error importing function definition for `port_used'
sh: create_passwd: line 1: syntax error: unexpected end of file
sh: error importing function definition for `create_passwd'
sh: find_port: line 1: syntax error: unexpected end of file
sh: error importing function definition for `find_port'
sh: module: line 1: syntax error: unexpected end of file
sh: error importing function definition for `module'
sh: source_helpers: line 1: syntax error: unexpected end of file
sh: error importing function definition for `source_helpers'
sh: ml: line 1: syntax error: unexpected end of file
sh: error importing function definition for `ml'
sh: which: line 1: syntax error: unexpected end of file
sh: error importing function definition for `which'
sh: wait_until_port_used: line 1: syntax error: unexpected end of file
sh: error importing function definition for `wait_until_port_used'
sh: random_number: line 1: syntax error: unexpected end of file
sh: error importing function definition for `random_number'
sh: port_used: line 1: syntax error: unexpected end of file
sh: error importing function definition for `port_used'
sh: create_passwd: line 1: syntax error: unexpected end of file
sh: error importing function definition for `create_passwd'
sh: find_port: line 1: syntax error: unexpected end of file
sh: error importing function definition for `find_port'
sh: module: line 1: syntax error: unexpected end of file
sh: error importing function definition for `module'
sh: source_helpers: line 1: syntax error: unexpected end of file
sh: error importing function definition for `source_helpers'
sh: ml: line 1: syntax error: unexpected end of file
sh: error importing function definition for `ml'
sh: which: line 1: syntax error: unexpected end of file
sh: error importing function definition for `which'
sh: wait_until_port_used: line 1: syntax error: unexpected end of file
sh: error importing function definition for `wait_until_port_used'
sh: random_number: line 1: syntax error: unexpected end of file
sh: error importing function definition for `random_number'
sh: port_used: line 1: syntax error: unexpected end of file
sh: error importing function definition for `port_used'
sh: create_passwd: line 1: syntax error: unexpected end of file
sh: error importing function definition for `create_passwd'
sh: find_port: line 1: syntax error: unexpected end of file
sh: error importing function definition for `find_port'
sh: module: line 1: syntax error: unexpected end of file
sh: error importing function definition for `module'
sh: source_helpers: line 1: syntax error: unexpected end of file
sh: error importing function definition for `source_helpers'
sh: ml: line 1: syntax error: unexpected end of file
sh: error importing function definition for `ml'
sh: which: line 1: syntax error: unexpected end of file
sh: error importing function definition for `which'
sh: wait_until_port_used: line 1: syntax error: unexpected end of file
sh: error importing function definition for `wait_until_port_used'
sh: random_number: line 1: syntax error: unexpected end of file
sh: error importing function definition for `random_number'
sh: port_used: line 1: syntax error: unexpected end of file
sh: error importing function definition for `port_used'
sh: create_passwd: line 1: syntax error: unexpected end of file
sh: error importing function definition for `create_passwd'
sh: find_port: line 1: syntax error: unexpected end of file
sh: error importing function definition for `find_port'
sh: module: line 1: syntax error: unexpected end of file
sh: error importing function definition for `module'
sh: source_helpers: line 1: syntax error: unexpected end of file
sh: error importing function definition for `source_helpers'
sh: ml: line 1: syntax error: unexpected end of file
sh: error importing function definition for `ml'
sh: which: line 1: syntax error: unexpected end of file
sh: error importing function definition for `which'
sh: wait_until_port_used: line 1: syntax error: unexpected end of file
sh: error importing function definition for `wait_until_port_used'
sh: random_number: line 1: syntax error: unexpected end of file
sh: error importing function definition for `random_number'
sh: port_used: line 1: syntax error: unexpected end of file
sh: error importing function definition for `port_used'
sh: create_passwd: line 1: syntax error: unexpected end of file
sh: error importing function definition for `create_passwd'
sh: find_port: line 1: syntax error: unexpected end of file
sh: error importing function definition for `find_port'
sh: module: line 1: syntax error: unexpected end of file
sh: error importing function definition for `module'
sh: source_helpers: line 1: syntax error: unexpected end of file
sh: error importing function definition for `source_helpers'
sh: ml: line 1: syntax error: unexpected end of file
sh: error importing function definition for `ml'
sh: which: line 1: syntax error: unexpected end of file
sh: error importing function definition for `which'
sh: wait_until_port_used: line 1: syntax error: unexpected end of file
sh: error importing function definition for `wait_until_port_used'
sh: random_number: line 1: syntax error: unexpected end of file
sh: error importing function definition for `random_number'
sh: port_used: line 1: syntax error: unexpected end of file
sh: error importing function definition for `port_used'
sh: create_passwd: line 1: syntax error: unexpected end of file
sh: error importing function definition for `create_passwd'
sh: find_port: line 1: syntax error: unexpected end of file
sh: error importing function definition for `find_port'
sh: module: line 1: syntax error: unexpected end of file
sh: error importing function definition for `module'
sh: source_helpers: line 1: syntax error: unexpected end of file
sh: error importing function definition for `source_helpers'
sh: ml: line 1: syntax error: unexpected end of file
sh: error importing function definition for `ml'
sh: which: line 1: syntax error: unexpected end of file
sh: error importing function definition for `which'
sh: wait_until_port_used: line 1: syntax error: unexpected end of file
sh: error importing function definition for `wait_until_port_used'
sh: random_number: line 1: syntax error: unexpected end of file
sh: error importing function definition for `random_number'
sh: port_used: line 1: syntax error: unexpected end of file
sh: error importing function definition for `port_used'
sh: create_passwd: line 1: syntax error: unexpected end of file
sh: error importing function definition for `create_passwd'
sh: find_port: line 1: syntax error: unexpected end of file
sh: error importing function definition for `find_port'
